[debug] [2024-02-29T18:26:56.591Z] ----------------------------------------------------------------------
[debug] [2024-02-29T18:26:56.592Z] Command:       /Users/cmaccarp/.nvm/versions/node/v20.11.1/bin/node /Users/cmaccarp/.nvm/versions/node/v20.11.1/bin/firebase deploy --only functions
[debug] [2024-02-29T18:26:56.592Z] CLI Version:   13.3.1
[debug] [2024-02-29T18:26:56.592Z] Platform:      darwin
[debug] [2024-02-29T18:26:56.592Z] Node Version:  v20.11.1
[debug] [2024-02-29T18:26:56.592Z] Time:          Thu Feb 29 2024 13:26:56 GMT-0500 (Eastern Standard Time)
[debug] [2024-02-29T18:26:56.592Z] ----------------------------------------------------------------------
[debug] 
[debug] [2024-02-29T18:26:56.623Z] > command requires scopes: ["email","openid","https://www.googleapis.com/auth/cloudplatformprojects.readonly","https://www.googleapis.com/auth/firebase","https://www.googleapis.com/auth/cloud-platform"]
[debug] [2024-02-29T18:26:56.623Z] > authorizing via signed-in user (connorcarpenter15@gmail.com)
[debug] [2024-02-29T18:26:56.623Z] [iam] checking project betterhangman for permissions ["cloudfunctions.functions.create","cloudfunctions.functions.delete","cloudfunctions.functions.get","cloudfunctions.functions.list","cloudfunctions.functions.update","cloudfunctions.operations.get","firebase.projects.get"]
[debug] [2024-02-29T18:26:56.624Z] >>> [apiv2][query] POST https://cloudresourcemanager.googleapis.com/v1/projects/betterhangman:testIamPermissions [none]
[debug] [2024-02-29T18:26:56.624Z] >>> [apiv2][(partial)header] POST https://cloudresourcemanager.googleapis.com/v1/projects/betterhangman:testIamPermissions x-goog-quota-user=projects/betterhangman
[debug] [2024-02-29T18:26:56.624Z] >>> [apiv2][body] POST https://cloudresourcemanager.googleapis.com/v1/projects/betterhangman:testIamPermissions {"permissions":["cloudfunctions.functions.create","cloudfunctions.functions.delete","cloudfunctions.functions.get","cloudfunctions.functions.list","cloudfunctions.functions.update","cloudfunctions.operations.get","firebase.projects.get"]}
[debug] [2024-02-29T18:26:56.800Z] <<< [apiv2][status] POST https://cloudresourcemanager.googleapis.com/v1/projects/betterhangman:testIamPermissions 200
[debug] [2024-02-29T18:26:56.800Z] <<< [apiv2][body] POST https://cloudresourcemanager.googleapis.com/v1/projects/betterhangman:testIamPermissions {"permissions":["cloudfunctions.functions.create","cloudfunctions.functions.delete","cloudfunctions.functions.get","cloudfunctions.functions.list","cloudfunctions.functions.update","cloudfunctions.operations.get","firebase.projects.get"]}
[debug] [2024-02-29T18:26:56.801Z] >>> [apiv2][query] POST https://iam.googleapis.com/v1/projects/betterhangman/serviceAccounts/betterhangman@appspot.gserviceaccount.com:testIamPermissions [none]
[debug] [2024-02-29T18:26:56.801Z] >>> [apiv2][body] POST https://iam.googleapis.com/v1/projects/betterhangman/serviceAccounts/betterhangman@appspot.gserviceaccount.com:testIamPermissions {"permissions":["iam.serviceAccounts.actAs"]}
[debug] [2024-02-29T18:26:57.132Z] <<< [apiv2][status] POST https://iam.googleapis.com/v1/projects/betterhangman/serviceAccounts/betterhangman@appspot.gserviceaccount.com:testIamPermissions 200
[debug] [2024-02-29T18:26:57.133Z] <<< [apiv2][body] POST https://iam.googleapis.com/v1/projects/betterhangman/serviceAccounts/betterhangman@appspot.gserviceaccount.com:testIamPermissions {"permissions":["iam.serviceAccounts.actAs"]}
[info] 
[info] === Deploying to 'betterhangman'...
[info] 
[info] i  deploying functions 
[debug] [2024-02-29T18:26:57.137Z] >>> [apiv2][query] GET https://firebase.googleapis.com/v1beta1/projects/betterhangman [none]
[debug] [2024-02-29T18:26:57.337Z] <<< [apiv2][status] GET https://firebase.googleapis.com/v1beta1/projects/betterhangman 200
[debug] [2024-02-29T18:26:57.338Z] <<< [apiv2][body] GET https://firebase.googleapis.com/v1beta1/projects/betterhangman {"projectId":"betterhangman","projectNumber":"999267313797","displayName":"betterhangman","name":"projects/betterhangman","resources":{"hostingSite":"betterhangman","realtimeDatabaseInstance":"betterhangman-default-rtdb"},"state":"ACTIVE","etag":"1_13bf828b-686b-4462-8384-f32944a9aaa5"}
[info] i  functions: preparing codebase default for deployment 
[info] i  functions: ensuring required API cloudfunctions.googleapis.com is enabled... 
[info] i  functions: ensuring required API cloudbuild.googleapis.com is enabled... 
[info] i  artifactregistry: ensuring required API artifactregistry.googleapis.com is enabled... 
[debug] [2024-02-29T18:26:57.340Z] >>> [apiv2][query] GET https://serviceusage.googleapis.com/v1/projects/betterhangman/services/cloudfunctions.googleapis.com [none]
[debug] [2024-02-29T18:26:57.340Z] >>> [apiv2][(partial)header] GET https://serviceusage.googleapis.com/v1/projects/betterhangman/services/cloudfunctions.googleapis.com x-goog-quota-user=projects/betterhangman
[debug] [2024-02-29T18:26:57.342Z] >>> [apiv2][query] GET https://serviceusage.googleapis.com/v1/projects/betterhangman/services/runtimeconfig.googleapis.com [none]
[debug] [2024-02-29T18:26:57.342Z] >>> [apiv2][(partial)header] GET https://serviceusage.googleapis.com/v1/projects/betterhangman/services/runtimeconfig.googleapis.com x-goog-quota-user=projects/betterhangman
[debug] [2024-02-29T18:26:57.344Z] >>> [apiv2][query] GET https://serviceusage.googleapis.com/v1/projects/betterhangman/services/cloudbuild.googleapis.com [none]
[debug] [2024-02-29T18:26:57.344Z] >>> [apiv2][(partial)header] GET https://serviceusage.googleapis.com/v1/projects/betterhangman/services/cloudbuild.googleapis.com x-goog-quota-user=projects/betterhangman
[debug] [2024-02-29T18:26:57.345Z] >>> [apiv2][query] GET https://serviceusage.googleapis.com/v1/projects/betterhangman/services/artifactregistry.googleapis.com [none]
[debug] [2024-02-29T18:26:57.345Z] >>> [apiv2][(partial)header] GET https://serviceusage.googleapis.com/v1/projects/betterhangman/services/artifactregistry.googleapis.com x-goog-quota-user=projects/betterhangman
[debug] [2024-02-29T18:26:57.677Z] <<< [apiv2][status] GET https://serviceusage.googleapis.com/v1/projects/betterhangman/services/runtimeconfig.googleapis.com 200
[debug] [2024-02-29T18:26:57.677Z] <<< [apiv2][body] GET https://serviceusage.googleapis.com/v1/projects/betterhangman/services/runtimeconfig.googleapis.com [omitted]
[debug] [2024-02-29T18:26:57.683Z] <<< [apiv2][status] GET https://serviceusage.googleapis.com/v1/projects/betterhangman/services/cloudbuild.googleapis.com 200
[debug] [2024-02-29T18:26:57.683Z] <<< [apiv2][body] GET https://serviceusage.googleapis.com/v1/projects/betterhangman/services/cloudbuild.googleapis.com [omitted]
[info] ✔  functions: required API cloudbuild.googleapis.com is enabled 
[debug] [2024-02-29T18:26:57.735Z] <<< [apiv2][status] GET https://serviceusage.googleapis.com/v1/projects/betterhangman/services/artifactregistry.googleapis.com 200
[debug] [2024-02-29T18:26:57.735Z] <<< [apiv2][body] GET https://serviceusage.googleapis.com/v1/projects/betterhangman/services/artifactregistry.googleapis.com [omitted]
[info] ✔  artifactregistry: required API artifactregistry.googleapis.com is enabled 
[debug] [2024-02-29T18:26:57.775Z] <<< [apiv2][status] GET https://serviceusage.googleapis.com/v1/projects/betterhangman/services/cloudfunctions.googleapis.com 200
[debug] [2024-02-29T18:26:57.776Z] <<< [apiv2][body] GET https://serviceusage.googleapis.com/v1/projects/betterhangman/services/cloudfunctions.googleapis.com [omitted]
[info] ✔  functions: required API cloudfunctions.googleapis.com is enabled 
[debug] [2024-02-29T18:26:57.776Z] >>> [apiv2][query] GET https://firebase.googleapis.com/v1beta1/projects/betterhangman/adminSdkConfig [none]
[debug] [2024-02-29T18:26:57.957Z] <<< [apiv2][status] GET https://firebase.googleapis.com/v1beta1/projects/betterhangman/adminSdkConfig 200
[debug] [2024-02-29T18:26:57.957Z] <<< [apiv2][body] GET https://firebase.googleapis.com/v1beta1/projects/betterhangman/adminSdkConfig {"projectId":"betterhangman","databaseURL":"https://betterhangman-default-rtdb.firebaseio.com","storageBucket":"betterhangman.appspot.com"}
[debug] [2024-02-29T18:26:57.958Z] >>> [apiv2][query] GET https://runtimeconfig.googleapis.com/v1beta1/projects/betterhangman/configs [none]
[debug] [2024-02-29T18:26:58.537Z] <<< [apiv2][status] GET https://runtimeconfig.googleapis.com/v1beta1/projects/betterhangman/configs 200
[debug] [2024-02-29T18:26:58.537Z] <<< [apiv2][body] GET https://runtimeconfig.googleapis.com/v1beta1/projects/betterhangman/configs {}
[debug] [2024-02-29T18:26:58.539Z] Customer code is not Node
[debug] [2024-02-29T18:26:58.539Z] Validating python source
[debug] [2024-02-29T18:26:58.539Z] Building python source
[info] i  functions: Loading and analyzing source code for codebase default to determine what to deploy 
[debug] [2024-02-29T18:26:58.541Z] Could not find functions.yaml. Must use http discovery
[debug] [2024-02-29T18:26:58.550Z] Running command with virtualenv: command=., args=["\"/Users/cmaccarp/betterhangman.com/functions/venv/bin/activate\"","&&","python3.12","-c","\"import firebase_functions; import os; print(os.path.dirname(firebase_functions.__file__))\""]
[debug] [2024-02-29T18:26:58.593Z] stdout: /Users/cmaccarp/betterhangman.com/functions/venv/lib/python3.12/site-packages/firebase_functions

[debug] [2024-02-29T18:26:58.595Z] Running admin server with args: ["python3.12","\"/Users/cmaccarp/betterhangman.com/functions/venv/lib/python3.12/site-packages/firebase_functions/private/serving.py\""] and env: {"FIREBASE_CONFIG":"{\"projectId\":\"betterhangman\",\"databaseURL\":\"https://betterhangman-default-rtdb.firebaseio.com\",\"storageBucket\":\"betterhangman.appspot.com\"}","GCLOUD_PROJECT":"betterhangman","GOOGLE_CLOUD_QUOTA_PROJECT":"betterhangman","ADMIN_PORT":"8081"} in /Users/cmaccarp/betterhangman.com/functions
[debug] [2024-02-29T18:26:58.596Z] Running command with virtualenv: command=., args=["\"/Users/cmaccarp/betterhangman.com/functions/venv/bin/activate\"","&&","python3.12","\"/Users/cmaccarp/betterhangman.com/functions/venv/lib/python3.12/site-packages/firebase_functions/private/serving.py\""]
